c:\users\user\desktop\sjhgit\dx3d\directx3d\dx3dfirst\x64\debug\vc143.pdb
c:\users\user\desktop\sjhgit\dx3d\directx3d\dx3dfirst\x64\debug\vc143.idb
c:\users\user\desktop\sjhgit\dx3d\directx3d\dx3dfirst\x64\debug\main.obj
c:\users\user\desktop\sjhgit\directx3d\x64\debug\dx3dfirst.exe
c:\users\user\desktop\sjhgit\directx3d\dx3dfirst\x64\debug\dx3dfirst.ilk
c:\users\user\desktop\sjhgit\directx3d\x64\debug\dx3dfirst.pdb
c:\users\user\desktop\sjhgit\dx3d\directx3d\x64\debug\dx3dfirst.exe
c:\users\user\desktop\sjhgit\dx3d\directx3d\dx3dfirst\x64\debug\dx3dfirst.ilk
c:\users\user\desktop\sjhgit\dx3d\directx3d\x64\debug\dx3dfirst.pdb
c:\users\user\desktop\sjhgit\directx3d\dx3dfirst\x64\debug\dx3dfirst.res
c:\users\user\desktop\sjhgit\dx3d\directx3d\dx3dfirst\x64\debug\dx3dfirst.res
c:\users\user\desktop\sjhgit\dx3d\directx3d\dx3dfirst\x64\debug\dx3dfirst.obj
c:\users\user\desktop\sjhgit\dx3d\directx3d\dx3dfirst\x64\debug\dx3dfirst.tlog\cl.command.1.tlog
c:\users\user\desktop\sjhgit\dx3d\directx3d\dx3dfirst\x64\debug\dx3dfirst.tlog\cl.items.tlog
c:\users\user\desktop\sjhgit\dx3d\directx3d\dx3dfirst\x64\debug\dx3dfirst.tlog\cl.read.1.tlog
c:\users\user\desktop\sjhgit\dx3d\directx3d\dx3dfirst\x64\debug\dx3dfirst.tlog\cl.write.1.tlog
c:\users\user\desktop\sjhgit\dx3d\directx3d\dx3dfirst\x64\debug\dx3dfirst.tlog\link.command.1.tlog
c:\users\user\desktop\sjhgit\dx3d\directx3d\dx3dfirst\x64\debug\dx3dfirst.tlog\link.read.1.tlog
c:\users\user\desktop\sjhgit\dx3d\directx3d\dx3dfirst\x64\debug\dx3dfirst.tlog\link.write.1.tlog
c:\users\user\desktop\sjhgit\dx3d\directx3d\dx3dfirst\x64\debug\dx3dfirst.tlog\rc.command.1.tlog
c:\users\user\desktop\sjhgit\dx3d\directx3d\dx3dfirst\x64\debug\dx3dfirst.tlog\rc.read.1.tlog
c:\users\user\desktop\sjhgit\dx3d\directx3d\dx3dfirst\x64\debug\dx3dfirst.tlog\rc.write.1.tlog
