  Framework.cpp
C:\Users\user\Desktop\SJHGit\Dx3D\DirectX3D\DX3DFirst\Render\Texture\Texture.h(14,85): warning C4244: '인수': 'const size_t'에서 'float'(으)로 변환하면서 데이터가 손실될 수 있습니다.
C:\Users\user\Desktop\SJHGit\Dx3D\DirectX3D\DX3DFirst\Render\Texture\Texture.h(14,57): warning C4244: '인수': 'const size_t'에서 'float'(으)로 변환하면서 데이터가 손실될 수 있습니다.
  Main.cpp
C:\Users\user\Desktop\SJHGit\Dx3D\DirectX3D\DX3DFirst\Main.cpp(145,21): warning C4838: 'float'에서 'LONG'(으)로의 변환에는 축소 변환이 필요합니다.
C:\Users\user\Desktop\SJHGit\Dx3D\DirectX3D\DX3DFirst\Main.cpp(145,21): warning C4244: '초기화 중': 'float'에서 'LONG'(으)로 변환하면서 데이터가 손실될 수 있습니다.
C:\Users\user\Desktop\SJHGit\Dx3D\DirectX3D\DX3DFirst\Main.cpp(145,31): warning C4838: 'float'에서 'LONG'(으)로의 변환에는 축소 변환이 필요합니다.
C:\Users\user\Desktop\SJHGit\Dx3D\DirectX3D\DX3DFirst\Main.cpp(145,31): warning C4244: '초기화 중': 'float'에서 'LONG'(으)로 변환하면서 데이터가 손실될 수 있습니다.
  MainGame.cpp
  Cube.cpp
C:\Users\user\Desktop\SJHGit\Dx3D\DirectX3D\DX3DFirst\Object\Basic\Cube.cpp(43,34): warning C4267: '인수': 'size_t'에서 'UINT'(으)로 변환하면서 데이터가 손실될 수 있습니다.
C:\Users\user\Desktop\SJHGit\Dx3D\DirectX3D\DX3DFirst\Render\Buffer\VertexBuffer.h(26,47): warning C4267: '=': 'size_t'에서 'UINT'(으)로 변환하면서 데이터가 손실될 수 있습니다.
C:\Users\user\Desktop\SJHGit\Dx3D\DirectX3D\DX3DFirst\Render\Mesh.h(20,35): message : 컴파일되는 함수 템플릿 인스턴스화 'VertexBuffer::VertexBuffer<Cube::VertexType>(std::vector<Cube::VertexType,std::allocator<Cube::VertexType>> &)'에 대한 참조를 확인하세요.
C:\Users\user\Desktop\SJHGit\Dx3D\DirectX3D\DX3DFirst\Object\Basic\Cube.cpp(14,21): message : 컴파일되는 함수 템플릿 인스턴스화 'Mesh::Mesh<Cube::VertexType>(std::vector<Cube::VertexType,std::allocator<Cube::VertexType>> &,std::vector<UINT,std::allocator<UINT>> &)'에 대한 참조를 확인하세요.
  Cylinder.cpp
C:\Users\user\Desktop\SJHGit\Dx3D\DirectX3D\DX3DFirst\Object\Basic\Cylinder.cpp(28,31): warning C4267: '인수': 'size_t'에서 'UINT'(으)로 변환하면서 데이터가 손실될 수 있습니다.
C:\Users\user\Desktop\SJHGit\Dx3D\DirectX3D\DX3DFirst\Object\Basic\Cylinder.cpp(62,22): warning C4244: '초기화 중': 'float'에서 'int'(으)로 변환하면서 데이터가 손실될 수 있습니다.
C:\Users\user\Desktop\SJHGit\Dx3D\DirectX3D\DX3DFirst\Object\Basic\Cylinder.cpp(83,18): warning C4267: '초기화 중': 'size_t'에서 'int'(으)로 변환하면서 데이터가 손실될 수 있습니다.
C:\Users\user\Desktop\SJHGit\Dx3D\DirectX3D\DX3DFirst\Object\Basic\Cylinder.cpp(98,15): warning C4267: '초기화 중': 'size_t'에서 'int'(으)로 변환하면서 데이터가 손실될 수 있습니다.
C:\Users\user\Desktop\SJHGit\Dx3D\DirectX3D\DX3DFirst\Object\Basic\Cylinder.cpp(100,13): warning C4244: '초기화 중': 'float'에서 'int'(으)로 변환하면서 데이터가 손실될 수 있습니다.
C:\Users\user\Desktop\SJHGit\Dx3D\DirectX3D\DX3DFirst\Render\Buffer\VertexBuffer.h(26,47): warning C4267: '=': 'size_t'에서 'UINT'(으)로 변환하면서 데이터가 손실될 수 있습니다.
C:\Users\user\Desktop\SJHGit\Dx3D\DirectX3D\DX3DFirst\Render\Mesh.h(20,35): message : 컴파일되는 함수 템플릿 인스턴스화 'VertexBuffer::VertexBuffer<Cube::VertexType>(std::vector<Cube::VertexType,std::allocator<Cube::VertexType>> &)'에 대한 참조를 확인하세요.
C:\Users\user\Desktop\SJHGit\Dx3D\DirectX3D\DX3DFirst\Object\Basic\Cylinder.cpp(12,18): message : 컴파일되는 함수 템플릿 인스턴스화 'Mesh::Mesh<Cube::VertexType>(std::vector<Cube::VertexType,std::allocator<Cube::VertexType>> &,std::vector<UINT,std::allocator<UINT>> &)'에 대한 참조를 확인하세요.
  DiffuseCube.cpp
C:\Users\user\Desktop\SJHGit\Dx3D\DirectX3D\DX3DFirst\Object\Basic\DiffuseCube.cpp(35,34): warning C4267: '인수': 'size_t'에서 'UINT'(으)로 변환하면서 데이터가 손실될 수 있습니다.
C:\Users\user\Desktop\SJHGit\Dx3D\DirectX3D\DX3DFirst\Render\Buffer\VertexBuffer.h(26,47): warning C4267: '=': 'size_t'에서 'UINT'(으)로 변환하면서 데이터가 손실될 수 있습니다.
C:\Users\user\Desktop\SJHGit\Dx3D\DirectX3D\DX3DFirst\Render\Mesh.h(20,35): message : 컴파일되는 함수 템플릿 인스턴스화 'VertexBuffer::VertexBuffer<Cube::VertexType>(std::vector<Cube::VertexType,std::allocator<Cube::VertexType>> &)'에 대한 참조를 확인하세요.
C:\Users\user\Desktop\SJHGit\Dx3D\DirectX3D\DX3DFirst\Object\Basic\DiffuseCube.cpp(96,21): message : 컴파일되는 함수 템플릿 인스턴스화 'Mesh::Mesh<Cube::VertexType>(std::vector<Cube::VertexType,std::allocator<Cube::VertexType>> &,std::vector<UINT,std::allocator<UINT>> &)'에 대한 참조를 확인하세요.
  Quad.cpp
C:\Users\user\Desktop\SJHGit\Dx3D\DirectX3D\DX3DFirst\Object\Basic\Quad.cpp(50,31): warning C4267: '인수': 'size_t'에서 'UINT'(으)로 변환하면서 데이터가 손실될 수 있습니다.
C:\Users\user\Desktop\SJHGit\Dx3D\DirectX3D\DX3DFirst\Render\Buffer\VertexBuffer.h(26,47): warning C4267: '=': 'size_t'에서 'UINT'(으)로 변환하면서 데이터가 손실될 수 있습니다.
C:\Users\user\Desktop\SJHGit\Dx3D\DirectX3D\DX3DFirst\Render\Mesh.h(20,35): message : 컴파일되는 함수 템플릿 인스턴스화 'VertexBuffer::VertexBuffer<VertexTextureNormal>(std::vector<VertexTextureNormal,std::allocator<VertexTextureNormal>> &)'에 대한 참조를 확인하세요.
C:\Users\user\Desktop\SJHGit\Dx3D\DirectX3D\DX3DFirst\Object\Basic\Quad.cpp(25,18): message : 컴파일되는 함수 템플릿 인스턴스화 'Mesh::Mesh<VertexTextureNormal>(std::vector<VertexTextureNormal,std::allocator<VertexTextureNormal>> &,std::vector<UINT,std::allocator<UINT>> &)'에 대한 참조를 확인하세요.
  QuadCube.cpp
  Sphere.cpp
C:\Users\user\Desktop\SJHGit\Dx3D\DirectX3D\DX3DFirst\Object\Basic\Sphere.cpp(29,31): warning C4267: '인수': 'size_t'에서 'UINT'(으)로 변환하면서 데이터가 손실될 수 있습니다.
C:\Users\user\Desktop\SJHGit\Dx3D\DirectX3D\DX3DFirst\Render\Buffer\VertexBuffer.h(26,47): warning C4267: '=': 'size_t'에서 'UINT'(으)로 변환하면서 데이터가 손실될 수 있습니다.
C:\Users\user\Desktop\SJHGit\Dx3D\DirectX3D\DX3DFirst\Render\Mesh.h(20,35): message : 컴파일되는 함수 템플릿 인스턴스화 'VertexBuffer::VertexBuffer<VertexTextureNormal>(std::vector<VertexTextureNormal,std::allocator<VertexTextureNormal>> &)'에 대한 참조를 확인하세요.
C:\Users\user\Desktop\SJHGit\Dx3D\DirectX3D\DX3DFirst\Object\Basic\Sphere.cpp(9,18): message : 컴파일되는 함수 템플릿 인스턴스화 'Mesh::Mesh<VertexTextureNormal>(std::vector<VertexTextureNormal,std::allocator<VertexTextureNormal>> &,std::vector<UINT,std::allocator<UINT>> &)'에 대한 참조를 확인하세요.
  TextureCube.cpp
  Terrian.cpp
C:\Users\user\Desktop\SJHGit\Dx3D\DirectX3D\DX3DFirst\Object\LandScape\Terrian.cpp(35,31): warning C4267: '인수': 'size_t'에서 'UINT'(으)로 변환하면서 데이터가 손실될 수 있습니다.
C:\Users\user\Desktop\SJHGit\Dx3D\DirectX3D\DX3DFirst\Object\LandScape\Terrian.cpp(40,33): warning C4244: '=': 'float'에서 'UINT'(으)로 변환하면서 데이터가 손실될 수 있습니다.
C:\Users\user\Desktop\SJHGit\Dx3D\DirectX3D\DX3DFirst\Object\LandScape\Terrian.cpp(41,32): warning C4244: '=': 'float'에서 'UINT'(으)로 변환하면서 데이터가 손실될 수 있습니다.
C:\Users\user\Desktop\SJHGit\Dx3D\DirectX3D\DX3DFirst\Object\LandScape\Terrian.cpp(58,15): warning C4244: '초기화 중': 'float'에서 'UINT'(으)로 변환하면서 데이터가 손실될 수 있습니다.
C:\Users\user\Desktop\SJHGit\Dx3D\DirectX3D\DX3DFirst\Object\LandScape\Terrian.cpp(70,29): warning C4244: '인수': 'float'에서 '_Ty'(으)로 변환하면서 데이터가 손실될 수 있습니다.
          with
          [
              _Ty=UINT
          ]
C:\Users\user\Desktop\SJHGit\Dx3D\DirectX3D\DX3DFirst\Object\LandScape\Terrian.cpp(71,29): warning C4244: '인수': 'float'에서 '_Ty'(으)로 변환하면서 데이터가 손실될 수 있습니다.
          with
          [
              _Ty=UINT
          ]
C:\Users\user\Desktop\SJHGit\Dx3D\DirectX3D\DX3DFirst\Object\LandScape\Terrian.cpp(72,29): warning C4244: '인수': 'float'에서 '_Ty'(으)로 변환하면서 데이터가 손실될 수 있습니다.
          with
          [
              _Ty=UINT
          ]
C:\Users\user\Desktop\SJHGit\Dx3D\DirectX3D\DX3DFirst\Object\LandScape\Terrian.cpp(74,29): warning C4244: '인수': 'float'에서 '_Ty'(으)로 변환하면서 데이터가 손실될 수 있습니다.
          with
          [
              _Ty=UINT
          ]
C:\Users\user\Desktop\SJHGit\Dx3D\DirectX3D\DX3DFirst\Object\LandScape\Terrian.cpp(75,29): warning C4244: '인수': 'float'에서 '_Ty'(으)로 변환하면서 데이터가 손실될 수 있습니다.
          with
          [
              _Ty=UINT
          ]
C:\Users\user\Desktop\SJHGit\Dx3D\DirectX3D\DX3DFirst\Object\LandScape\Terrian.cpp(76,29): warning C4244: '인수': 'float'에서 '_Ty'(으)로 변환하면서 데이터가 손실될 수 있습니다.
          with
          [
              _Ty=UINT
          ]
C:\Users\user\Desktop\SJHGit\Dx3D\DirectX3D\DX3DFirst\Render\Buffer\VertexBuffer.h(26,47): warning C4267: '=': 'size_t'에서 'UINT'(으)로 변환하면서 데이터가 손실될 수 있습니다.
C:\Users\user\Desktop\SJHGit\Dx3D\DirectX3D\DX3DFirst\Render\Mesh.h(20,35): message : 컴파일되는 함수 템플릿 인스턴스화 'VertexBuffer::VertexBuffer<VertexTextureNormal>(std::vector<VertexTextureNormal,std::allocator<VertexTextureNormal>> &)'에 대한 참조를 확인하세요.
C:\Users\user\Desktop\SJHGit\Dx3D\DirectX3D\DX3DFirst\Object\LandScape\Terrian.cpp(18,18): message : 컴파일되는 함수 템플릿 인스턴스화 'Mesh::Mesh<VertexTextureNormal>(std::vector<VertexTextureNormal,std::allocator<VertexTextureNormal>> &,std::vector<UINT,std::allocator<UINT>> &)'에 대한 참조를 확인하세요.
  Robot.cpp
C:\Users\user\Desktop\SJHGit\Dx3D\DirectX3D\DX3DFirst\Object\Robot\Robot.cpp(79,79): warning C4305: '인수': 'double'에서 'float'(으)로 잘립니다.
C:\Users\user\Desktop\SJHGit\Dx3D\DirectX3D\DX3DFirst\Object\Robot\Robot.cpp(79,74): warning C4305: '인수': 'double'에서 'float'(으)로 잘립니다.
C:\Users\user\Desktop\SJHGit\Dx3D\DirectX3D\DX3DFirst\Object\Robot\Robot.cpp(79,69): warning C4305: '인수': 'double'에서 'float'(으)로 잘립니다.
C:\Users\user\Desktop\SJHGit\Dx3D\DirectX3D\DX3DFirst\Object\Robot\Robot.cpp(87,58): warning C4305: '인수': 'double'에서 'float'(으)로 잘립니다.
C:\Users\user\Desktop\SJHGit\Dx3D\DirectX3D\DX3DFirst\Object\Robot\Robot.cpp(87,53): warning C4305: '인수': 'double'에서 'float'(으)로 잘립니다.
C:\Users\user\Desktop\SJHGit\Dx3D\DirectX3D\DX3DFirst\Object\Robot\Robot.cpp(87,48): warning C4305: '인수': 'double'에서 'float'(으)로 잘립니다.
C:\Users\user\Desktop\SJHGit\Dx3D\DirectX3D\DX3DFirst\Object\Robot\Robot.cpp(100,88): warning C4305: '인수': 'double'에서 'float'(으)로 잘립니다.
C:\Users\user\Desktop\SJHGit\Dx3D\DirectX3D\DX3DFirst\Object\Robot\Robot.cpp(100,83): warning C4305: '인수': 'double'에서 'float'(으)로 잘립니다.
C:\Users\user\Desktop\SJHGit\Dx3D\DirectX3D\DX3DFirst\Object\Robot\Robot.cpp(100,78): warning C4305: '인수': 'double'에서 'float'(으)로 잘립니다.
C:\Users\user\Desktop\SJHGit\Dx3D\DirectX3D\DX3DFirst\Object\Robot\Robot.cpp(108,89): warning C4305: '인수': 'double'에서 'float'(으)로 잘립니다.
C:\Users\user\Desktop\SJHGit\Dx3D\DirectX3D\DX3DFirst\Object\Robot\Robot.cpp(108,84): warning C4305: '인수': 'double'에서 'float'(으)로 잘립니다.
C:\Users\user\Desktop\SJHGit\Dx3D\DirectX3D\DX3DFirst\Object\Robot\Robot.cpp(108,79): warning C4305: '인수': 'double'에서 'float'(으)로 잘립니다.
C:\Users\user\Desktop\SJHGit\Dx3D\DirectX3D\DX3DFirst\Object\Robot\Robot.cpp(118,92): warning C4305: '인수': 'double'에서 'float'(으)로 잘립니다.
C:\Users\user\Desktop\SJHGit\Dx3D\DirectX3D\DX3DFirst\Object\Robot\Robot.cpp(118,82): warning C4305: '인수': 'double'에서 'float'(으)로 잘립니다.
C:\Users\user\Desktop\SJHGit\Dx3D\DirectX3D\DX3DFirst\Object\Robot\Robot.cpp(125,83): warning C4305: '인수': 'double'에서 'float'(으)로 잘립니다.
C:\Users\user\Desktop\SJHGit\Dx3D\DirectX3D\DX3DFirst\Object\Robot\Robot.cpp(125,78): warning C4305: '인수': 'double'에서 'float'(으)로 잘립니다.
C:\Users\user\Desktop\SJHGit\Dx3D\DirectX3D\DX3DFirst\Object\Robot\Robot.cpp(125,73): warning C4305: '인수': 'double'에서 'float'(으)로 잘립니다.
C:\Users\user\Desktop\SJHGit\Dx3D\DirectX3D\DX3DFirst\Object\Robot\Robot.cpp(141,93): warning C4305: '인수': 'double'에서 'float'(으)로 잘립니다.
C:\Users\user\Desktop\SJHGit\Dx3D\DirectX3D\DX3DFirst\Object\Robot\Robot.cpp(141,88): warning C4305: '인수': 'double'에서 'float'(으)로 잘립니다.
C:\Users\user\Desktop\SJHGit\Dx3D\DirectX3D\DX3DFirst\Object\Robot\Robot.cpp(141,83): warning C4305: '인수': 'double'에서 'float'(으)로 잘립니다.
C:\Users\user\Desktop\SJHGit\Dx3D\DirectX3D\DX3DFirst\Object\Robot\Robot.cpp(154,93): warning C4305: '인수': 'double'에서 'float'(으)로 잘립니다.
C:\Users\user\Desktop\SJHGit\Dx3D\DirectX3D\DX3DFirst\Object\Robot\Robot.cpp(154,88): warning C4305: '인수': 'double'에서 'float'(으)로 잘립니다.
C:\Users\user\Desktop\SJHGit\Dx3D\DirectX3D\DX3DFirst\Object\Robot\Robot.cpp(154,83): warning C4305: '인수': 'double'에서 'float'(으)로 잘립니다.
C:\Users\user\Desktop\SJHGit\Dx3D\DirectX3D\DX3DFirst\Object\Robot\Robot.cpp(162,86): warning C4305: '인수': 'double'에서 'float'(으)로 잘립니다.
C:\Users\user\Desktop\SJHGit\Dx3D\DirectX3D\DX3DFirst\Object\Robot\Robot.cpp(162,81): warning C4305: '인수': 'double'에서 'float'(으)로 잘립니다.
C:\Users\user\Desktop\SJHGit\Dx3D\DirectX3D\DX3DFirst\Object\Robot\Robot.cpp(162,76): warning C4305: '인수': 'double'에서 'float'(으)로 잘립니다.
C:\Users\user\Desktop\SJHGit\Dx3D\DirectX3D\DX3DFirst\Object\Robot\Robot.cpp(169,87): warning C4305: '인수': 'double'에서 'float'(으)로 잘립니다.
C:\Users\user\Desktop\SJHGit\Dx3D\DirectX3D\DX3DFirst\Object\Robot\Robot.cpp(169,82): warning C4305: '인수': 'double'에서 'float'(으)로 잘립니다.
C:\Users\user\Desktop\SJHGit\Dx3D\DirectX3D\DX3DFirst\Object\Robot\Robot.cpp(169,77): warning C4305: '인수': 'double'에서 'float'(으)로 잘립니다.
C:\Users\user\Desktop\SJHGit\Dx3D\DirectX3D\DX3DFirst\Object\Robot\Robot.cpp(185,93): warning C4305: '인수': 'double'에서 'float'(으)로 잘립니다.
C:\Users\user\Desktop\SJHGit\Dx3D\DirectX3D\DX3DFirst\Object\Robot\Robot.cpp(185,88): warning C4305: '인수': 'double'에서 'float'(으)로 잘립니다.
C:\Users\user\Desktop\SJHGit\Dx3D\DirectX3D\DX3DFirst\Object\Robot\Robot.cpp(185,83): warning C4305: '인수': 'double'에서 'float'(으)로 잘립니다.
C:\Users\user\Desktop\SJHGit\Dx3D\DirectX3D\DX3DFirst\Object\Robot\Robot.cpp(197,94): warning C4305: '인수': 'double'에서 'float'(으)로 잘립니다.
C:\Users\user\Desktop\SJHGit\Dx3D\DirectX3D\DX3DFirst\Object\Robot\Robot.cpp(197,89): warning C4305: '인수': 'double'에서 'float'(으)로 잘립니다.
C:\Users\user\Desktop\SJHGit\Dx3D\DirectX3D\DX3DFirst\Object\Robot\Robot.cpp(197,84): warning C4305: '인수': 'double'에서 'float'(으)로 잘립니다.
C:\Users\user\Desktop\SJHGit\Dx3D\DirectX3D\DX3DFirst\Object\Robot\Robot.cpp(230,82): warning C4305: '인수': 'double'에서 'float'(으)로 잘립니다.
C:\Users\user\Desktop\SJHGit\Dx3D\DirectX3D\DX3DFirst\Object\Robot\Robot.cpp(244,83): warning C4305: '인수': 'double'에서 'float'(으)로 잘립니다.
C:\Users\user\Desktop\SJHGit\Dx3D\DirectX3D\DX3DFirst\Object\Robot\Robot.cpp(255,83): warning C4305: '인수': 'double'에서 'float'(으)로 잘립니다.
C:\Users\user\Desktop\SJHGit\Dx3D\DirectX3D\DX3DFirst\Object\Robot\Robot.cpp(264,86): warning C4305: '인수': 'double'에서 'float'(으)로 잘립니다.
C:\Users\user\Desktop\SJHGit\Dx3D\DirectX3D\DX3DFirst\Object\Robot\Robot.cpp(264,76): warning C4305: '인수': 'double'에서 'float'(으)로 잘립니다.
C:\Users\user\Desktop\SJHGit\Dx3D\DirectX3D\DX3DFirst\Object\Robot\Robot.cpp(272,86): warning C4305: '인수': 'double'에서 'float'(으)로 잘립니다.
C:\Users\user\Desktop\SJHGit\Dx3D\DirectX3D\DX3DFirst\Object\Robot\Robot.cpp(272,76): warning C4305: '인수': 'double'에서 'float'(으)로 잘립니다.
C:\Users\user\Desktop\SJHGit\Dx3D\DirectX3D\DX3DFirst\Object\Robot\Robot.cpp(308,86): warning C4305: '인수': 'double'에서 'float'(으)로 잘립니다.
C:\Users\user\Desktop\SJHGit\Dx3D\DirectX3D\DX3DFirst\Object\Robot\Robot.cpp(308,76): warning C4305: '인수': 'double'에서 'float'(으)로 잘립니다.
C:\Users\user\Desktop\SJHGit\Dx3D\DirectX3D\DX3DFirst\Object\Robot\Robot.cpp(316,86): warning C4305: '인수': 'double'에서 'float'(으)로 잘립니다.
C:\Users\user\Desktop\SJHGit\Dx3D\DirectX3D\DX3DFirst\Object\Robot\Robot.cpp(316,76): warning C4305: '인수': 'double'에서 'float'(으)로 잘립니다.
  Transform.cpp
  ConstBuffer.cpp
  IndexBuffer.cpp
C:\Users\user\Desktop\SJHGit\Dx3D\DirectX3D\DX3DFirst\Render\Buffer\IndexBuffer.cpp(7,41): warning C4267: '=': 'size_t'에서 'UINT'(으)로 변환하면서 데이터가 손실될 수 있습니다.
  VertexBuffer.cpp
  Material.cpp
  Mesh.cpp
  PixelShader.cpp
  Shader.cpp
  VertexShader.cpp
C:\Users\user\Desktop\SJHGit\Dx3D\DirectX3D\DX3DFirst\Render\Shader\VertexShader.cpp(98,26): warning C4267: '인수': 'size_t'에서 'UINT'(으)로 변환하면서 데이터가 손실될 수 있습니다.
  코드를 생성하고 있습니다...
  컴파일하고 있습니다...
  RasterizerState.cpp
  SamplerState.cpp
  StateManager.cpp
  Texture.cpp
C:\Users\user\Desktop\SJHGit\Dx3D\DirectX3D\DX3DFirst\Render\Texture\Texture.cpp(67,12): warning C4244: '초기화 중': 'float'에서 'UINT'(으)로 변환하면서 데이터가 손실될 수 있습니다.
  Scene.cpp
  TerrianScene.cpp
  TextureScene.cpp
  TutorialScene.cpp
  Camera.cpp
  Device.cpp
C:\Users\user\Desktop\SJHGit\Dx3D\DirectX3D\DX3DFirst\System\Device.cpp(23,38): warning C4244: '=': 'float'에서 'UINT'(으)로 변환하면서 데이터가 손실될 수 있습니다.
C:\Users\user\Desktop\SJHGit\Dx3D\DirectX3D\DX3DFirst\System\Device.cpp(24,39): warning C4244: '=': 'float'에서 'UINT'(으)로 변환하면서 데이터가 손실될 수 있습니다.
C:\Users\user\Desktop\SJHGit\Dx3D\DirectX3D\DX3DFirst\System\Device.cpp(73,34): warning C4244: '=': 'float'에서 'UINT'(으)로 변환하면서 데이터가 손실될 수 있습니다.
C:\Users\user\Desktop\SJHGit\Dx3D\DirectX3D\DX3DFirst\System\Device.cpp(74,34): warning C4244: '=': 'float'에서 'UINT'(으)로 변환하면서 데이터가 손실될 수 있습니다.
  Environment.cpp
  Keyboard.cpp
  Time.cpp
C:\Users\user\Desktop\SJHGit\Dx3D\DirectX3D\DX3DFirst\Utility\Time.cpp(13,18): warning C4244: '=': 'double'에서 'float'(으)로 변환하면서 데이터가 손실될 수 있습니다.
  Utility.cpp
C:\Users\user\Desktop\SJHGit\Dx3D\DirectX3D\DX3DFirst\Utility\Utility.cpp(6,13): warning C4267: '초기화 중': 'size_t'에서 'UINT'(으)로 변환하면서 데이터가 손실될 수 있습니다.
  Vector3.cpp
  코드를 생성하고 있습니다...
DirectXTex.lib(DirectXTexImage.obj) : warning LNK4099: '' PDB를 'DirectXTex.lib(DirectXTexImage.obj)' 또는 ''에서 찾을 수 없습니다. 디버그 정보가 없는 것처럼 개체를 링크합니다.
DirectXTex.lib(DirectXTexDDS.obj) : warning LNK4099: '' PDB를 'DirectXTex.lib(DirectXTexDDS.obj)' 또는 ''에서 찾을 수 없습니다. 디버그 정보가 없는 것처럼 개체를 링크합니다.
DirectXTex.lib(DirectXTexTGA.obj) : warning LNK4099: '' PDB를 'DirectXTex.lib(DirectXTexTGA.obj)' 또는 ''에서 찾을 수 없습니다. 디버그 정보가 없는 것처럼 개체를 링크합니다.
DirectXTex.lib(DirectXTexWIC.obj) : warning LNK4099: '' PDB를 'DirectXTex.lib(DirectXTexWIC.obj)' 또는 ''에서 찾을 수 없습니다. 디버그 정보가 없는 것처럼 개체를 링크합니다.
DirectXTex.lib(DirectXTexD3D11.obj) : warning LNK4099: '' PDB를 'DirectXTex.lib(DirectXTexD3D11.obj)' 또는 ''에서 찾을 수 없습니다. 디버그 정보가 없는 것처럼 개체를 링크합니다.
DirectXTex.lib(DirectXTexUtil.obj) : warning LNK4099: '' PDB를 'DirectXTex.lib(DirectXTexUtil.obj)' 또는 ''에서 찾을 수 없습니다. 디버그 정보가 없는 것처럼 개체를 링크합니다.
DirectXTex.lib(DirectXTexConvert.obj) : warning LNK4099: '' PDB를 'DirectXTex.lib(DirectXTexConvert.obj)' 또는 ''에서 찾을 수 없습니다. 디버그 정보가 없는 것처럼 개체를 링크합니다.
DirectXTex.lib(DirectXTexCompress.obj) : warning LNK4099: '' PDB를 'DirectXTex.lib(DirectXTexCompress.obj)' 또는 ''에서 찾을 수 없습니다. 디버그 정보가 없는 것처럼 개체를 링크합니다.
DirectXTex.lib(DirectXTexMipMaps.obj) : warning LNK4099: '' PDB를 'DirectXTex.lib(DirectXTexMipMaps.obj)' 또는 ''에서 찾을 수 없습니다. 디버그 정보가 없는 것처럼 개체를 링크합니다.
DirectXTex.lib(BC.obj) : warning LNK4099: '' PDB를 'DirectXTex.lib(BC.obj)' 또는 ''에서 찾을 수 없습니다. 디버그 정보가 없는 것처럼 개체를 링크합니다.
DirectXTex.lib(BC4BC5.obj) : warning LNK4099: '' PDB를 'DirectXTex.lib(BC4BC5.obj)' 또는 ''에서 찾을 수 없습니다. 디버그 정보가 없는 것처럼 개체를 링크합니다.
DirectXTex.lib(BC6HBC7.obj) : warning LNK4099: '' PDB를 'DirectXTex.lib(BC6HBC7.obj)' 또는 ''에서 찾을 수 없습니다. 디버그 정보가 없는 것처럼 개체를 링크합니다.
  DX3DFirst.vcxproj -> C:\Users\user\Desktop\SJHGit\Dx3D\DirectX3D\x64\Debug\DX3DFirst.exe
